[2020-10-01 04:04:07] local.ERROR: SQLSTATE[42000]: Syntax error or access violation: 1091 Can't DROP 'proposal_student_proposal_id'; check that column/key exists (SQL: alter table `proposal_student` drop foreign key `proposal_student_proposal_id`) {"exception":"[object] (Illuminate\\Database\\QueryException(code: 42000): SQLSTATE[42000]: Syntax error or access violation: 1091 Can't DROP 'proposal_student_proposal_id'; check that column/key exists (SQL: alter table `proposal_student` drop foreign key `proposal_student_proposal_id`) at /mnt/c/laragon/www/project_pkm/vendor/laravel/framework/src/Illuminate/Database/Connection.php:671)
[stacktrace]
#0 /mnt/c/laragon/www/project_pkm/vendor/laravel/framework/src/Illuminate/Database/Connection.php(631): Illuminate\\Database\\Connection->runQueryCallback()
#1 /mnt/c/laragon/www/project_pkm/vendor/laravel/framework/src/Illuminate/Database/Connection.php(465): Illuminate\\Database\\Connection->run()
#2 /mnt/c/laragon/www/project_pkm/vendor/laravel/framework/src/Illuminate/Database/Schema/Blueprint.php(102): Illuminate\\Database\\Connection->statement()
#3 /mnt/c/laragon/www/project_pkm/vendor/laravel/framework/src/Illuminate/Database/Schema/Builder.php(290): Illuminate\\Database\\Schema\\Blueprint->build()
#4 /mnt/c/laragon/www/project_pkm/vendor/laravel/framework/src/Illuminate/Database/Schema/Builder.php(151): Illuminate\\Database\\Schema\\Builder->build()
#5 /mnt/c/laragon/www/project_pkm/vendor/laravel/framework/src/Illuminate/Support/Facades/Facade.php(261): Illuminate\\Database\\Schema\\Builder->table()
#6 /mnt/c/laragon/www/project_pkm/database/migrations/2020_10_01_034349_create_proposal_student_pivot_table.php(32): Illuminate\\Support\\Facades\\Facade::__callStatic()
#7 /mnt/c/laragon/www/project_pkm/vendor/laravel/framework/src/Illuminate/Database/Migrations/Migrator.php(392): CreateProposalStudentPivotTable->down()
#8 /mnt/c/laragon/www/project_pkm/vendor/laravel/framework/src/Illuminate/Database/Migrations/Migrator.php(401): Illuminate\\Database\\Migrations\\Migrator->Illuminate\\Database\\Migrations\\{closure}()
#9 /mnt/c/laragon/www/project_pkm/vendor/laravel/framework/src/Illuminate/Database/Migrations/Migrator.php(363): Illuminate\\Database\\Migrations\\Migrator->runMigration()
#10 /mnt/c/laragon/www/project_pkm/vendor/laravel/framework/src/Illuminate/Database/Migrations/Migrator.php(284): Illuminate\\Database\\Migrations\\Migrator->runDown()
#11 /mnt/c/laragon/www/project_pkm/vendor/laravel/framework/src/Illuminate/Database/Migrations/Migrator.php(334): Illuminate\\Database\\Migrations\\Migrator->rollbackMigrations()
#12 /mnt/c/laragon/www/project_pkm/vendor/laravel/framework/src/Illuminate/Database/Migrations/Migrator.php(313): Illuminate\\Database\\Migrations\\Migrator->resetMigrations()
#13 /mnt/c/laragon/www/project_pkm/vendor/laravel/framework/src/Illuminate/Database/Console/Migrations/ResetCommand.php(67): Illuminate\\Database\\Migrations\\Migrator->reset()
#14 /mnt/c/laragon/www/project_pkm/vendor/laravel/framework/src/Illuminate/Database/Migrations/Migrator.php(541): Illuminate\\Database\\Console\\Migrations\\ResetCommand->Illuminate\\Database\\Console\\Migrations\\{closure}()
#15 /mnt/c/laragon/www/project_pkm/vendor/laravel/framework/src/Illuminate/Database/Console/Migrations/ResetCommand.php(69): Illuminate\\Database\\Migrations\\Migrator->usingConnection()
#16 [internal function]: Illuminate\\Database\\Console\\Migrations\\ResetCommand->handle()
#17 /mnt/c/laragon/www/project_pkm/vendor/laravel/framework/src/Illuminate/Container/BoundMethod.php(37): call_user_func_array()
#18 /mnt/c/laragon/www/project_pkm/vendor/laravel/framework/src/Illuminate/Container/Util.php(37): Illuminate\\Container\\BoundMethod::Illuminate\\Container\\{closure}()
#19 /mnt/c/laragon/www/project_pkm/vendor/laravel/framework/src/Illuminate/Container/BoundMethod.php(95): Illuminate\\Container\\Util::unwrapIfClosure()
#20 /mnt/c/laragon/www/project_pkm/vendor/laravel/framework/src/Illuminate/Container/BoundMethod.php(39): Illuminate\\Container\\BoundMethod::callBoundMethod()
#21 /mnt/c/laragon/www/project_pkm/vendor/laravel/framework/src/Illuminate/Container/Container.php(596): Illuminate\\Container\\BoundMethod::call()
#22 /mnt/c/laragon/www/project_pkm/vendor/laravel/framework/src/Illuminate/Console/Command.php(134): Illuminate\\Container\\Container->call()
#23 /mnt/c/laragon/www/project_pkm/vendor/symfony/console/Command/Command.php(258): Illuminate\\Console\\Command->execute()
#24 /mnt/c/laragon/www/project_pkm/vendor/laravel/framework/src/Illuminate/Console/Command.php(121): Symfony\\Component\\Console\\Command\\Command->run()
#25 /mnt/c/laragon/www/project_pkm/vendor/laravel/framework/src/Illuminate/Console/Concerns/CallsCommands.php(56): Illuminate\\Console\\Command->run()
#26 /mnt/c/laragon/www/project_pkm/vendor/laravel/framework/src/Illuminate/Console/Concerns/CallsCommands.php(28): Illuminate\\Console\\Command->runCommand()
#27 /mnt/c/laragon/www/project_pkm/vendor/laravel/framework/src/Illuminate/Database/Console/Migrations/RefreshCommand.php(102): Illuminate\\Console\\Command->call()
#28 /mnt/c/laragon/www/project_pkm/vendor/laravel/framework/src/Illuminate/Database/Console/Migrations/RefreshCommand.php(53): Illuminate\\Database\\Console\\Migrations\\RefreshCommand->runReset()
#29 [internal function]: Illuminate\\Database\\Console\\Migrations\\RefreshCommand->handle()
#30 /mnt/c/laragon/www/project_pkm/vendor/laravel/framework/src/Illuminate/Container/BoundMethod.php(37): call_user_func_array()
#31 /mnt/c/laragon/www/project_pkm/vendor/laravel/framework/src/Illuminate/Container/Util.php(37): Illuminate\\Container\\BoundMethod::Illuminate\\Container\\{closure}()
#32 /mnt/c/laragon/www/project_pkm/vendor/laravel/framework/src/Illuminate/Container/BoundMethod.php(95): Illuminate\\Container\\Util::unwrapIfClosure()
#33 /mnt/c/laragon/www/project_pkm/vendor/laravel/framework/src/Illuminate/Container/BoundMethod.php(39): Illuminate\\Container\\BoundMethod::callBoundMethod()
#34 /mnt/c/laragon/www/project_pkm/vendor/laravel/framework/src/Illuminate/Container/Container.php(596): Illuminate\\Container\\BoundMethod::call()
#35 /mnt/c/laragon/www/project_pkm/vendor/laravel/framework/src/Illuminate/Console/Command.php(134): Illuminate\\Container\\Container->call()
#36 /mnt/c/laragon/www/project_pkm/vendor/symfony/console/Command/Command.php(258): Illuminate\\Console\\Command->execute()
#37 /mnt/c/laragon/www/project_pkm/vendor/laravel/framework/src/Illuminate/Console/Command.php(121): Symfony\\Component\\Console\\Command\\Command->run()
#38 /mnt/c/laragon/www/project_pkm/vendor/symfony/console/Application.php(911): Illuminate\\Console\\Command->run()
#39 /mnt/c/laragon/www/project_pkm/vendor/symfony/console/Application.php(264): Symfony\\Component\\Console\\Application->doRunCommand()
#40 /mnt/c/laragon/www/project_pkm/vendor/symfony/console/Application.php(140): Symfony\\Component\\Console\\Application->doRun()
#41 /mnt/c/laragon/www/project_pkm/vendor/laravel/framework/src/Illuminate/Console/Application.php(93): Symfony\\Component\\Console\\Application->run()
#42 /mnt/c/laragon/www/project_pkm/vendor/laravel/framework/src/Illuminate/Foundation/Console/Kernel.php(129): Illuminate\\Console\\Application->run()
#43 /mnt/c/laragon/www/project_pkm/artisan(37): Illuminate\\Foundation\\Console\\Kernel->handle()
#44 {main}

[previous exception] [object] (PDOException(code: 42000): SQLSTATE[42000]: Syntax error or access violation: 1091 Can't DROP 'proposal_student_proposal_id'; check that column/key exists at /mnt/c/laragon/www/project_pkm/vendor/laravel/framework/src/Illuminate/Database/Connection.php:464)
[stacktrace]
#0 /mnt/c/laragon/www/project_pkm/vendor/laravel/framework/src/Illuminate/Database/Connection.php(464): PDOStatement->execute()
#1 /mnt/c/laragon/www/project_pkm/vendor/laravel/framework/src/Illuminate/Database/Connection.php(664): Illuminate\\Database\\Connection->Illuminate\\Database\\{closure}()
#2 /mnt/c/laragon/www/project_pkm/vendor/laravel/framework/src/Illuminate/Database/Connection.php(631): Illuminate\\Database\\Connection->runQueryCallback()
#3 /mnt/c/laragon/www/project_pkm/vendor/laravel/framework/src/Illuminate/Database/Connection.php(465): Illuminate\\Database\\Connection->run()
#4 /mnt/c/laragon/www/project_pkm/vendor/laravel/framework/src/Illuminate/Database/Schema/Blueprint.php(102): Illuminate\\Database\\Connection->statement()
#5 /mnt/c/laragon/www/project_pkm/vendor/laravel/framework/src/Illuminate/Database/Schema/Builder.php(290): Illuminate\\Database\\Schema\\Blueprint->build()
#6 /mnt/c/laragon/www/project_pkm/vendor/laravel/framework/src/Illuminate/Database/Schema/Builder.php(151): Illuminate\\Database\\Schema\\Builder->build()
#7 /mnt/c/laragon/www/project_pkm/vendor/laravel/framework/src/Illuminate/Support/Facades/Facade.php(261): Illuminate\\Database\\Schema\\Builder->table()
#8 /mnt/c/laragon/www/project_pkm/database/migrations/2020_10_01_034349_create_proposal_student_pivot_table.php(32): Illuminate\\Support\\Facades\\Facade::__callStatic()
#9 /mnt/c/laragon/www/project_pkm/vendor/laravel/framework/src/Illuminate/Database/Migrations/Migrator.php(392): CreateProposalStudentPivotTable->down()
#10 /mnt/c/laragon/www/project_pkm/vendor/laravel/framework/src/Illuminate/Database/Migrations/Migrator.php(401): Illuminate\\Database\\Migrations\\Migrator->Illuminate\\Database\\Migrations\\{closure}()
#11 /mnt/c/laragon/www/project_pkm/vendor/laravel/framework/src/Illuminate/Database/Migrations/Migrator.php(363): Illuminate\\Database\\Migrations\\Migrator->runMigration()
#12 /mnt/c/laragon/www/project_pkm/vendor/laravel/framework/src/Illuminate/Database/Migrations/Migrator.php(284): Illuminate\\Database\\Migrations\\Migrator->runDown()
#13 /mnt/c/laragon/www/project_pkm/vendor/laravel/framework/src/Illuminate/Database/Migrations/Migrator.php(334): Illuminate\\Database\\Migrations\\Migrator->rollbackMigrations()
#14 /mnt/c/laragon/www/project_pkm/vendor/laravel/framework/src/Illuminate/Database/Migrations/Migrator.php(313): Illuminate\\Database\\Migrations\\Migrator->resetMigrations()
#15 /mnt/c/laragon/www/project_pkm/vendor/laravel/framework/src/Illuminate/Database/Console/Migrations/ResetCommand.php(67): Illuminate\\Database\\Migrations\\Migrator->reset()
#16 /mnt/c/laragon/www/project_pkm/vendor/laravel/framework/src/Illuminate/Database/Migrations/Migrator.php(541): Illuminate\\Database\\Console\\Migrations\\ResetCommand->Illuminate\\Database\\Console\\Migrations\\{closure}()
#17 /mnt/c/laragon/www/project_pkm/vendor/laravel/framework/src/Illuminate/Database/Console/Migrations/ResetCommand.php(69): Illuminate\\Database\\Migrations\\Migrator->usingConnection()
#18 [internal function]: Illuminate\\Database\\Console\\Migrations\\ResetCommand->handle()
#19 /mnt/c/laragon/www/project_pkm/vendor/laravel/framework/src/Illuminate/Container/BoundMethod.php(37): call_user_func_array()
#20 /mnt/c/laragon/www/project_pkm/vendor/laravel/framework/src/Illuminate/Container/Util.php(37): Illuminate\\Container\\BoundMethod::Illuminate\\Container\\{closure}()
#21 /mnt/c/laragon/www/project_pkm/vendor/laravel/framework/src/Illuminate/Container/BoundMethod.php(95): Illuminate\\Container\\Util::unwrapIfClosure()
#22 /mnt/c/laragon/www/project_pkm/vendor/laravel/framework/src/Illuminate/Container/BoundMethod.php(39): Illuminate\\Container\\BoundMethod::callBoundMethod()
#23 /mnt/c/laragon/www/project_pkm/vendor/laravel/framework/src/Illuminate/Container/Container.php(596): Illuminate\\Container\\BoundMethod::call()
#24 /mnt/c/laragon/www/project_pkm/vendor/laravel/framework/src/Illuminate/Console/Command.php(134): Illuminate\\Container\\Container->call()
#25 /mnt/c/laragon/www/project_pkm/vendor/symfony/console/Command/Command.php(258): Illuminate\\Console\\Command->execute()
#26 /mnt/c/laragon/www/project_pkm/vendor/laravel/framework/src/Illuminate/Console/Command.php(121): Symfony\\Component\\Console\\Command\\Command->run()
#27 /mnt/c/laragon/www/project_pkm/vendor/laravel/framework/src/Illuminate/Console/Concerns/CallsCommands.php(56): Illuminate\\Console\\Command->run()
#28 /mnt/c/laragon/www/project_pkm/vendor/laravel/framework/src/Illuminate/Console/Concerns/CallsCommands.php(28): Illuminate\\Console\\Command->runCommand()
#29 /mnt/c/laragon/www/project_pkm/vendor/laravel/framework/src/Illuminate/Database/Console/Migrations/RefreshCommand.php(102): Illuminate\\Console\\Command->call()
#30 /mnt/c/laragon/www/project_pkm/vendor/laravel/framework/src/Illuminate/Database/Console/Migrations/RefreshCommand.php(53): Illuminate\\Database\\Console\\Migrations\\RefreshCommand->runReset()
#31 [internal function]: Illuminate\\Database\\Console\\Migrations\\RefreshCommand->handle()
#32 /mnt/c/laragon/www/project_pkm/vendor/laravel/framework/src/Illuminate/Container/BoundMethod.php(37): call_user_func_array()
#33 /mnt/c/laragon/www/project_pkm/vendor/laravel/framework/src/Illuminate/Container/Util.php(37): Illuminate\\Container\\BoundMethod::Illuminate\\Container\\{closure}()
#34 /mnt/c/laragon/www/project_pkm/vendor/laravel/framework/src/Illuminate/Container/BoundMethod.php(95): Illuminate\\Container\\Util::unwrapIfClosure()
#35 /mnt/c/laragon/www/project_pkm/vendor/laravel/framework/src/Illuminate/Container/BoundMethod.php(39): Illuminate\\Container\\BoundMethod::callBoundMethod()
#36 /mnt/c/laragon/www/project_pkm/vendor/laravel/framework/src/Illuminate/Container/Container.php(596): Illuminate\\Container\\BoundMethod::call()
#37 /mnt/c/laragon/www/project_pkm/vendor/laravel/framework/src/Illuminate/Console/Command.php(134): Illuminate\\Container\\Container->call()
#38 /mnt/c/laragon/www/project_pkm/vendor/symfony/console/Command/Command.php(258): Illuminate\\Console\\Command->execute()
#39 /mnt/c/laragon/www/project_pkm/vendor/laravel/framework/src/Illuminate/Console/Command.php(121): Symfony\\Component\\Console\\Command\\Command->run()
#40 /mnt/c/laragon/www/project_pkm/vendor/symfony/console/Application.php(911): Illuminate\\Console\\Command->run()
#41 /mnt/c/laragon/www/project_pkm/vendor/symfony/console/Application.php(264): Symfony\\Component\\Console\\Application->doRunCommand()
#42 /mnt/c/laragon/www/project_pkm/vendor/symfony/console/Application.php(140): Symfony\\Component\\Console\\Application->doRun()
#43 /mnt/c/laragon/www/project_pkm/vendor/laravel/framework/src/Illuminate/Console/Application.php(93): Symfony\\Component\\Console\\Application->run()
#44 /mnt/c/laragon/www/project_pkm/vendor/laravel/framework/src/Illuminate/Foundation/Console/Kernel.php(129): Illuminate\\Console\\Application->run()
#45 /mnt/c/laragon/www/project_pkm/artisan(37): Illuminate\\Foundation\\Console\\Kernel->handle()
#46 {main}
"} 
